<?xml version="1.0" encoding="UTF-8"?>
<!-- Generated by org.testng.reporters.JUnitXMLReporter -->
<testsuite hostname="INGSSAHOOS17L1C" name="Test_In_PhantomJS" tests="3" failures="0" timestamp="16 Nov 2017 06:04:08 GMT" time="30.814" errors="0">
  <testcase name="MC_Login_PoC_WebPart" time="29.421" classname="test.testauto.testcases.TC_MC_LoginLogout"/>
  <testcase name="verifyFailTC01" time="0.019" classname="test.testauto.testcases.TC_MC_LoginLogout"/>
  <testcase name="verifyFailTC02" time="0.002" classname="test.testauto.testcases.TC_MC_LoginLogout"/>
</testsuite> <!-- Test_In_PhantomJS -->
