<?xml version="1.0" encoding="UTF-8"?>
<!-- Generated by org.testng.reporters.JUnitXMLReporter -->
<testsuite hostname="INGSSAHOOS17L1C" name="Test_Firefox" tests="2" failures="2" timestamp="16 Nov 2017 06:14:34 GMT" time="6.061" errors="0">
  <testcase name="@AfterTest tearDown" time="0.0" classname="test.testauto.testcases.TC_MC_LoginLogout_CrossBrowser">
    <failure type="java.lang.NullPointerException">
      <![CDATA[java.lang.NullPointerException
	at test.testauto.testcases.TC_MC_LoginLogout_CrossBrowser.tearDown(TC_MC_LoginLogout_CrossBrowser.java:132)
... Removed 22 stack frames]]>
    </failure>
  </testcase> <!-- @AfterTest tearDown -->
  <testcase name="MC_Login_PoC_WebPart" time="6.051" classname="test.testauto.testcases.TC_MC_LoginLogout_CrossBrowser">
    <failure type="org.openqa.selenium.SessionNotCreatedException" message="Unable to create new remote session. desired capabilities = Capabilities [{moz:firefoxOptions={binary=Optional.empty, args=[], legacy=null, logLevel=null, prefs={}, profile=org.openqa.selenium.firefox.FirefoxProfile@1e2a2d}, firefox_profile=org.openqa.selenium.firefox.FirefoxProfile@1e2a2d}], required capabilities = Capabilities [{}]
Build info: version: &amp;apos;3.3.0&amp;apos;, revision: &amp;apos;b526bd5b41&amp;apos;, time: &amp;apos;2017-03-07 19:26:04 +0000&amp;apos;
System info: host: &amp;apos;INGSSAHOOS17L1C&amp;apos;, ip: &amp;apos;10.251.144.132&amp;apos;, os.name: &amp;apos;Windows 10&amp;apos;, os.arch: &amp;apos;x86&amp;apos;, os.version: &amp;apos;10.0&amp;apos;, java.version: &amp;apos;1.8.0_151&amp;apos;
Driver info: driver.version: FirefoxDriver">
      <![CDATA[org.openqa.selenium.SessionNotCreatedException: Unable to create new remote session. desired capabilities = Capabilities [{moz:firefoxOptions={binary=Optional.empty, args=[], legacy=null, logLevel=null, prefs={}, profile=org.openqa.selenium.firefox.FirefoxProfile@1e2a2d}, firefox_profile=org.openqa.selenium.firefox.FirefoxProfile@1e2a2d}], required capabilities = Capabilities [{}]
Build info: version: '3.3.0', revision: 'b526bd5b41', time: '2017-03-07 19:26:04 +0000'
System info: host: 'INGSSAHOOS17L1C', ip: '10.251.144.132', os.name: 'Windows 10', os.arch: 'x86', os.version: '10.0', java.version: '1.8.0_151'
Driver info: driver.version: FirefoxDriver
	at org.openqa.selenium.remote.ProtocolHandshake.createSession(ProtocolHandshake.java:126)
	at org.openqa.selenium.remote.HttpCommandExecutor.execute(HttpCommandExecutor.java:141)
	at org.openqa.selenium.remote.service.DriverCommandExecutor.execute(DriverCommandExecutor.java:82)
	at org.openqa.selenium.remote.RemoteWebDriver.execute(RemoteWebDriver.java:604)
	at org.openqa.selenium.remote.RemoteWebDriver.startSession(RemoteWebDriver.java:244)
	at org.openqa.selenium.remote.RemoteWebDriver.<init>(RemoteWebDriver.java:131)
	at org.openqa.selenium.firefox.FirefoxDriver.<init>(FirefoxDriver.java:243)
	at org.openqa.selenium.firefox.FirefoxDriver.<init>(FirefoxDriver.java:121)
	at org.openqa.selenium.firefox.FirefoxDriver.<init>(FirefoxDriver.java:151)
	at test.testauto.testcases.TC_MC_LoginLogout_CrossBrowser.MC_Login_PoC_WebPart(TC_MC_LoginLogout_CrossBrowser.java:71)
... Removed 24 stack frames]]>
    </failure>
  </testcase> <!-- MC_Login_PoC_WebPart -->
  <testcase name="MC_Login_PoC_WebPart1" time="0.002" classname="test.testauto.testcases.TC_MC_LoginLogout_CrossBrowser">
    <failure type="java.lang.AssertionError" message="expected [13] but found [12]">
      <![CDATA[java.lang.AssertionError: expected [13] but found [12]
	at test.testauto.testcases.TC_MC_LoginLogout_CrossBrowser.MC_Login_PoC_WebPart1(TC_MC_LoginLogout_CrossBrowser.java:120)
... Removed 29 stack frames]]>
    </failure>
  </testcase> <!-- MC_Login_PoC_WebPart1 -->
</testsuite> <!-- Test_Firefox -->
