<?xml version="1.0" encoding="UTF-8"?>
<testng-results skipped="0" failed="0" ignored="0" total="1" passed="1">
  <reporter-output>
  </reporter-output>
  <suite name="Suite" duration-ms="11904" started-at="2017-11-09T14:47:22Z" finished-at="2017-11-09T14:47:34Z">
    <groups>
    </groups>
    <test name="Test" duration-ms="11904" started-at="2017-11-09T14:47:22Z" finished-at="2017-11-09T14:47:34Z">
      <class name="test.testauto.testcases.TC_MC_LoginLogout">
        <test-method status="PASS" signature="MC_Login_PoC_WebPart()[pri:0, instance:test.testauto.testcases.TC_MC_LoginLogout@132ec19]" name="MC_Login_PoC_WebPart" duration-ms="11876" started-at="2017-11-09T20:17:22Z" finished-at="2017-11-09T20:17:34Z">
          <reporter-output>
          </reporter-output>
        </test-method> <!-- MC_Login_PoC_WebPart -->
      </class> <!-- test.testauto.testcases.TC_MC_LoginLogout -->
    </test> <!-- Test -->
  </suite> <!-- Suite -->
</testng-results>
